<?xml version="1.0" encoding="UTF-8"?>
<!-- Generated by org.testng.reporters.JUnitReportReporter -->
<testsuite hostname="DESKTOP-752LJ15" failures="0" tests="2" name="Test_GET_01" time="0.884" errors="0" timestamp="2022-07-26T17:40:33 EDT" skipped="1">
  <testcase classname="Test_GET_01" name="test_01" time="0.884"/>
  <system-out/>
  <testcase classname="Test_GET_01" name="test_02">
    <skipped/>
  </testcase> <!-- test_02 -->
  <system-out/>
</testsuite> <!-- Test_GET_01 -->
