<?xml version="1.0" encoding="UTF-8"?>
<!-- Generated by org.testng.reporters.JUnitReportReporter -->
<testsuite hostname="DESKTOP-752LJ15" failures="0" tests="2" name="Test_GET" time="1.290" errors="0" timestamp="2023-05-03T14:06:57 EDT" skipped="0">
  <testcase classname="Test_GET" name="test_01" time="1.046"/>
  <system-out/>
  <testcase classname="Test_GET" name="test_02" time="0.244"/>
  <system-out/>
</testsuite> <!-- Test_GET -->
