<?xml version="1.0" encoding="UTF-8"?>
<!-- Generated by org.testng.reporters.JUnitReportReporter -->
<testsuite hostname="DESKTOP-752LJ15" failures="0" tests="1" name="Test_POST" time="1.115" errors="0" timestamp="2022-07-28T10:18:20 EDT" skipped="0">
  <testcase classname="Test_POST" name="test_01" time="1.115"/>
  <system-out/>
</testsuite> <!-- Test_POST -->
